<?xml version="1.0" encoding="UTF-8"?>
<coverage generated="1592430592910" clover="3.2.0">
  <project timestamp="1592430592910" name="All files">
    <metrics statements="25" coveredstatements="21" conditionals="8" coveredconditionals="6" methods="2" coveredmethods="2" elements="35" coveredelements="29" complexity="0" loc="25" ncloc="25" packages="1" files="1" classes="1"/>
    <file name="cipher.js" path="C:\Users\Zenta\Desktop\Proyecto Cipher\SCL014-cipher\src\cipher.js">
      <metrics statements="25" coveredstatements="21" conditionals="8" coveredconditionals="6" methods="2" coveredmethods="2"/>
      <line num="1" count="1" type="stmt"/>
      <line num="8" count="1" type="stmt"/>
      <line num="10" count="1" type="stmt"/>
      <line num="12" count="1" type="stmt"/>
      <line num="14" count="1" type="stmt"/>
      <line num="16" count="26" type="stmt"/>
      <line num="17" count="26" type="stmt"/>
      <line num="19" count="26" type="cond" truecount="3" falsecount="1"/>
      <line num="20" count="0" type="stmt"/>
      <line num="21" count="0" type="stmt"/>
      <line num="23" count="26" type="stmt"/>
      <line num="25" count="26" type="stmt"/>
      <line num="29" count="1" type="stmt"/>
      <line num="36" count="1" type="stmt"/>
      <line num="38" count="1" type="stmt"/>
      <line num="40" count="1" type="stmt"/>
      <line num="42" count="1" type="stmt"/>
      <line num="44" count="26" type="stmt"/>
      <line num="45" count="26" type="stmt"/>
      <line num="47" count="26" type="cond" truecount="3" falsecount="1"/>
      <line num="48" count="0" type="stmt"/>
      <line num="49" count="0" type="stmt"/>
      <line num="51" count="26" type="stmt"/>
      <line num="53" count="26" type="stmt"/>
      <line num="57" count="1" type="stmt"/>
    </file>
  </project>
</coverage>
