{"C:\\Users\\Zenta\\Desktop\\Proyecto Cipher\\SCL014-cipher\\src\\cipher.js": {"path":"C:\\Users\\Zenta\\Desktop\\Proyecto Cipher\\SCL014-cipher\\src\\cipher.js","statementMap":{"0":{"start":{"line":1,"column":15},"end":{"line":4,"column":1}},"1":{"start":{"line":8,"column":22},"end":{"line":8,"column":24}},"2":{"start":{"line":10,"column":25},"end":{"line":10,"column":45}},"3":{"start":{"line":12,"column":2},"end":{"line":12,"column":26}},"4":{"start":{"line":14,"column":2},"end":{"line":27,"column":3}},"5":{"start":{"line":14,"column":19},"end":{"line":14,"column":20}},"6":{"start":{"line":16,"column":12},"end":{"line":16,"column":46}},"7":{"start":{"line":17,"column":24},"end":{"line":17,"column":51}},"8":{"start":{"line":19,"column":4},"end":{"line":22,"column":5}},"9":{"start":{"line":20,"column":6},"end":{"line":20,"column":62}},"10":{"start":{"line":21,"column":6},"end":{"line":21,"column":15}},"11":{"start":{"line":23,"column":26},"end":{"line":23,"column":60}},"12":{"start":{"line":25,"column":4},"end":{"line":25,"column":52}},"13":{"start":{"line":29,"column":2},"end":{"line":29,"column":23}},"14":{"start":{"line":36,"column":22},"end":{"line":36,"column":24}},"15":{"start":{"line":38,"column":25},"end":{"line":38,"column":45}},"16":{"start":{"line":40,"column":2},"end":{"line":40,"column":26}},"17":{"start":{"line":42,"column":2},"end":{"line":55,"column":3}},"18":{"start":{"line":42,"column":19},"end":{"line":42,"column":20}},"19":{"start":{"line":44,"column":12},"end":{"line":44,"column":46}},"20":{"start":{"line":45,"column":24},"end":{"line":45,"column":51}},"21":{"start":{"line":47,"column":4},"end":{"line":50,"column":5}},"22":{"start":{"line":48,"column":6},"end":{"line":48,"column":62}},"23":{"start":{"line":49,"column":6},"end":{"line":49,"column":15}},"24":{"start":{"line":51,"column":26},"end":{"line":51,"column":60}},"25":{"start":{"line":53,"column":4},"end":{"line":53,"column":52}},"26":{"start":{"line":57,"column":2},"end":{"line":57,"column":23}}},"fnMap":{"0":{"name":"encodeMessage","decl":{"start":{"line":6,"column":9},"end":{"line":6,"column":22}},"loc":{"start":{"line":6,"column":39},"end":{"line":31,"column":1}},"line":6},"1":{"name":"decodeMessage","decl":{"start":{"line":34,"column":9},"end":{"line":34,"column":22}},"loc":{"start":{"line":34,"column":39},"end":{"line":59,"column":1}},"line":34}},"branchMap":{"0":{"loc":{"start":{"line":19,"column":4},"end":{"line":22,"column":5}},"type":"if","locations":[{"start":{"line":19,"column":4},"end":{"line":22,"column":5}},{"start":{"line":19,"column":4},"end":{"line":22,"column":5}}],"line":19},"1":{"loc":{"start":{"line":19,"column":8},"end":{"line":19,"column":24}},"type":"binary-expr","locations":[{"start":{"line":19,"column":8},"end":{"line":19,"column":14}},{"start":{"line":19,"column":18},"end":{"line":19,"column":24}}],"line":19},"2":{"loc":{"start":{"line":47,"column":4},"end":{"line":50,"column":5}},"type":"if","locations":[{"start":{"line":47,"column":4},"end":{"line":50,"column":5}},{"start":{"line":47,"column":4},"end":{"line":50,"column":5}}],"line":47},"3":{"loc":{"start":{"line":47,"column":8},"end":{"line":47,"column":24}},"type":"binary-expr","locations":[{"start":{"line":47,"column":8},"end":{"line":47,"column":14}},{"start":{"line":47,"column":18},"end":{"line":47,"column":24}}],"line":47}},"s":{"0":1,"1":1,"2":1,"3":1,"4":1,"5":1,"6":26,"7":26,"8":26,"9":0,"10":0,"11":26,"12":26,"13":1,"14":1,"15":1,"16":1,"17":1,"18":1,"19":26,"20":26,"21":26,"22":0,"23":0,"24":26,"25":26,"26":1},"f":{"0":1,"1":1},"b":{"0":[0,26],"1":[26,26],"2":[0,26],"3":[26,26]},"_coverageSchema":"43e27e138ebf9cfc5966b082cf9a028302ed4184","hash":"d4aceb928c5ccb6d4d1515b55d513ad1035bdcf8"}
}
