TN:
SF:C:\Users\Zenta\Desktop\Proyecto Cipher\SCL014-cipher\src\cipher.js
FN:6,encodeMessage
FN:34,decodeMessage
FNF:2
FNH:2
FNDA:1,encodeMessage
FNDA:1,decodeMessage
DA:1,1
DA:8,1
DA:10,1
DA:12,1
DA:14,1
DA:16,26
DA:17,26
DA:19,26
DA:20,0
DA:21,0
DA:23,26
DA:25,26
DA:29,1
DA:36,1
DA:38,1
DA:40,1
DA:42,1
DA:44,26
DA:45,26
DA:47,26
DA:48,0
DA:49,0
DA:51,26
DA:53,26
DA:57,1
LF:25
LH:21
BRDA:19,0,0,0
BRDA:19,0,1,26
BRDA:19,1,0,26
BRDA:19,1,1,26
BRDA:47,2,0,0
BRDA:47,2,1,26
BRDA:47,3,0,26
BRDA:47,3,1,26
BRF:8
BRH:6
end_of_record
